<?xml version="1.0" encoding="UTF-8"?>
<!-- Generated by org.testng.reporters.JUnitReportReporter -->
<testsuite hostname="dell-PC" name="pkgA.Class2" tests="3" failures="0" timestamp="15 Nov 2019 21:21:44 GMT" time="0.006" errors="0">
  <testcase name="tc4" time="0.002" classname="pkgA.Class2"/>
  <testcase name="tc5" time="0.002" classname="pkgA.Class2"/>
  <testcase name="tc6" time="0.002" classname="pkgA.Class2"/>
</testsuite> <!-- pkgA.Class2 -->
