<?xml version="1.0" encoding="UTF-8"?>
<!-- Generated by org.testng.reporters.JUnitReportReporter -->
<testsuite hostname="dell-PC" name="pkgA.Class1" tests="3" failures="0" timestamp="15 Nov 2019 21:21:44 GMT" time="0.021" errors="0">
  <testcase name="tc2" time="0.004" classname="pkgA.Class1"/>
  <testcase name="tc1" time="0.013" classname="pkgA.Class1"/>
  <testcase name="tc3" time="0.004" classname="pkgA.Class1"/>
</testsuite> <!-- pkgA.Class1 -->
