<?xml version="1.0" encoding="UTF-8"?>
<!-- Generated by org.testng.reporters.JUnitReportReporter -->
<testsuite hostname="dell-PC" name="pkgB.Class3" tests="3" failures="0" timestamp="15 Nov 2019 21:21:44 GMT" time="0.006" errors="0">
  <testcase name="tc8" time="0.002" classname="pkgB.Class3"/>
  <testcase name="tc7" time="0.002" classname="pkgB.Class3"/>
  <testcase name="tc9" time="0.002" classname="pkgB.Class3"/>
</testsuite> <!-- pkgB.Class3 -->
